{"/Users/seungmin/workspace/my-repository/blog-writing/book/cs-note-for-interview/chapter5/linked-list.ts": {"path":"/Users/seungmin/workspace/my-repository/blog-writing/book/cs-note-for-interview/chapter5/linked-list.ts","all":false,"statementMap":{"0":{"start":{"line":1,"column":0},"end":{"line":1,"column":25}},"1":{"start":{"line":2,"column":0},"end":{"line":2,"column":76}},"2":{"start":{"line":3,"column":0},"end":{"line":3,"column":1}},"3":{"start":{"line":4,"column":0},"end":{"line":4,"column":0}},"4":{"start":{"line":5,"column":0},"end":{"line":5,"column":31}},"5":{"start":{"line":6,"column":0},"end":{"line":6,"column":55}},"6":{"start":{"line":7,"column":0},"end":{"line":7,"column":0}},"7":{"start":{"line":8,"column":0},"end":{"line":8,"column":24}},"8":{"start":{"line":9,"column":0},"end":{"line":9,"column":38}},"9":{"start":{"line":10,"column":0},"end":{"line":10,"column":21}},"10":{"start":{"line":11,"column":0},"end":{"line":11,"column":23}},"11":{"start":{"line":12,"column":0},"end":{"line":12,"column":12}},"12":{"start":{"line":13,"column":0},"end":{"line":13,"column":30}},"13":{"start":{"line":14,"column":0},"end":{"line":14,"column":28}},"14":{"start":{"line":15,"column":0},"end":{"line":15,"column":31}},"15":{"start":{"line":16,"column":0},"end":{"line":16,"column":7}},"16":{"start":{"line":17,"column":0},"end":{"line":17,"column":26}},"17":{"start":{"line":18,"column":0},"end":{"line":18,"column":5}},"18":{"start":{"line":19,"column":0},"end":{"line":19,"column":3}},"19":{"start":{"line":20,"column":0},"end":{"line":20,"column":0}},"20":{"start":{"line":21,"column":0},"end":{"line":21,"column":41}},"21":{"start":{"line":22,"column":0},"end":{"line":22,"column":40}},"22":{"start":{"line":23,"column":0},"end":{"line":23,"column":28}},"23":{"start":{"line":24,"column":0},"end":{"line":24,"column":14}},"24":{"start":{"line":25,"column":0},"end":{"line":25,"column":25}},"25":{"start":{"line":26,"column":0},"end":{"line":26,"column":34}},"26":{"start":{"line":27,"column":0},"end":{"line":27,"column":20}},"27":{"start":{"line":28,"column":0},"end":{"line":28,"column":7}},"28":{"start":{"line":29,"column":0},"end":{"line":29,"column":29}},"29":{"start":{"line":30,"column":0},"end":{"line":30,"column":10}},"30":{"start":{"line":31,"column":0},"end":{"line":31,"column":5}},"31":{"start":{"line":32,"column":0},"end":{"line":32,"column":19}},"32":{"start":{"line":33,"column":0},"end":{"line":33,"column":3}},"33":{"start":{"line":34,"column":0},"end":{"line":34,"column":0}},"34":{"start":{"line":35,"column":0},"end":{"line":35,"column":25}},"35":{"start":{"line":36,"column":0},"end":{"line":36,"column":38}},"36":{"start":{"line":37,"column":0},"end":{"line":37,"column":26}},"37":{"start":{"line":38,"column":0},"end":{"line":38,"column":21}},"38":{"start":{"line":39,"column":0},"end":{"line":39,"column":3}},"39":{"start":{"line":40,"column":0},"end":{"line":40,"column":0}},"40":{"start":{"line":41,"column":0},"end":{"line":41,"column":39}},"41":{"start":{"line":42,"column":0},"end":{"line":42,"column":38}},"42":{"start":{"line":43,"column":0},"end":{"line":43,"column":29}},"43":{"start":{"line":44,"column":0},"end":{"line":44,"column":23}},"44":{"start":{"line":45,"column":0},"end":{"line":45,"column":13}},"45":{"start":{"line":46,"column":0},"end":{"line":46,"column":5}},"46":{"start":{"line":47,"column":0},"end":{"line":47,"column":28}},"47":{"start":{"line":48,"column":0},"end":{"line":48,"column":24}},"48":{"start":{"line":49,"column":0},"end":{"line":49,"column":14}},"49":{"start":{"line":50,"column":0},"end":{"line":50,"column":25}},"50":{"start":{"line":51,"column":0},"end":{"line":51,"column":25}},"51":{"start":{"line":52,"column":0},"end":{"line":52,"column":34}},"52":{"start":{"line":53,"column":0},"end":{"line":53,"column":28}},"53":{"start":{"line":54,"column":0},"end":{"line":54,"column":15}},"54":{"start":{"line":55,"column":0},"end":{"line":55,"column":7}},"55":{"start":{"line":56,"column":0},"end":{"line":56,"column":29}},"56":{"start":{"line":57,"column":0},"end":{"line":57,"column":10}},"57":{"start":{"line":58,"column":0},"end":{"line":58,"column":5}},"58":{"start":{"line":59,"column":0},"end":{"line":59,"column":0}},"59":{"start":{"line":60,"column":0},"end":{"line":60,"column":24}},"60":{"start":{"line":61,"column":0},"end":{"line":61,"column":39}},"61":{"start":{"line":62,"column":0},"end":{"line":62,"column":3}},"62":{"start":{"line":63,"column":0},"end":{"line":63,"column":0}},"63":{"start":{"line":64,"column":0},"end":{"line":64,"column":25}},"64":{"start":{"line":65,"column":0},"end":{"line":65,"column":44}},"65":{"start":{"line":66,"column":0},"end":{"line":66,"column":23}},"66":{"start":{"line":67,"column":0},"end":{"line":67,"column":13}},"67":{"start":{"line":68,"column":0},"end":{"line":68,"column":5}},"68":{"start":{"line":69,"column":0},"end":{"line":69,"column":0}},"69":{"start":{"line":70,"column":0},"end":{"line":70,"column":28}},"70":{"start":{"line":71,"column":0},"end":{"line":71,"column":24}},"71":{"start":{"line":72,"column":0},"end":{"line":72,"column":14}},"72":{"start":{"line":73,"column":0},"end":{"line":73,"column":23}},"73":{"start":{"line":74,"column":0},"end":{"line":74,"column":25}},"74":{"start":{"line":75,"column":0},"end":{"line":75,"column":34}},"75":{"start":{"line":76,"column":0},"end":{"line":76,"column":15}},"76":{"start":{"line":77,"column":0},"end":{"line":77,"column":7}},"77":{"start":{"line":78,"column":0},"end":{"line":78,"column":29}},"78":{"start":{"line":79,"column":0},"end":{"line":79,"column":10}},"79":{"start":{"line":80,"column":0},"end":{"line":80,"column":5}},"80":{"start":{"line":81,"column":0},"end":{"line":81,"column":47}},"81":{"start":{"line":82,"column":0},"end":{"line":82,"column":3}},"82":{"start":{"line":83,"column":0},"end":{"line":83,"column":0}},"83":{"start":{"line":84,"column":0},"end":{"line":84,"column":11}},"84":{"start":{"line":85,"column":0},"end":{"line":85,"column":28}},"85":{"start":{"line":86,"column":0},"end":{"line":86,"column":21}},"86":{"start":{"line":87,"column":0},"end":{"line":87,"column":32}},"87":{"start":{"line":88,"column":0},"end":{"line":88,"column":29}},"88":{"start":{"line":89,"column":0},"end":{"line":89,"column":5}},"89":{"start":{"line":90,"column":0},"end":{"line":90,"column":3}},"90":{"start":{"line":91,"column":0},"end":{"line":91,"column":1}}},"s":{"0":1,"1":1,"2":1,"3":1,"4":1,"5":1,"6":1,"7":1,"8":5,"9":5,"10":0,"11":5,"12":5,"13":5,"14":2,"15":2,"16":5,"17":5,"18":5,"19":1,"20":1,"21":4,"22":4,"23":4,"24":4,"25":5,"26":0,"27":0,"28":5,"29":5,"30":5,"31":4,"32":4,"33":1,"34":1,"35":1,"36":1,"37":1,"38":1,"39":1,"40":1,"41":2,"42":2,"43":0,"44":0,"45":0,"46":2,"47":2,"48":2,"49":2,"50":4,"51":4,"52":0,"53":0,"54":0,"55":4,"56":4,"57":4,"58":2,"59":2,"60":2,"61":2,"62":1,"63":1,"64":1,"65":0,"66":0,"67":0,"68":1,"69":1,"70":1,"71":1,"72":1,"73":2,"74":2,"75":0,"76":0,"77":2,"78":2,"79":2,"80":1,"81":1,"82":1,"83":1,"84":0,"85":0,"86":0,"87":0,"88":0,"89":0,"90":1},"branchMap":{"0":{"type":"branch","line":2,"loc":{"start":{"line":2,"column":2},"end":{"line":2,"column":76}},"locations":[{"start":{"line":2,"column":2},"end":{"line":2,"column":76}}]},"1":{"type":"branch","line":6,"loc":{"start":{"line":6,"column":2},"end":{"line":6,"column":55}},"locations":[{"start":{"line":6,"column":2},"end":{"line":6,"column":55}}]},"2":{"type":"branch","line":8,"loc":{"start":{"line":8,"column":2},"end":{"line":19,"column":3}},"locations":[{"start":{"line":8,"column":2},"end":{"line":19,"column":3}}]},"3":{"type":"branch","line":10,"loc":{"start":{"line":10,"column":20},"end":{"line":12,"column":11}},"locations":[{"start":{"line":10,"column":20},"end":{"line":12,"column":11}}]},"4":{"type":"branch","line":14,"loc":{"start":{"line":14,"column":27},"end":{"line":16,"column":7}},"locations":[{"start":{"line":14,"column":27},"end":{"line":16,"column":7}}]},"5":{"type":"branch","line":21,"loc":{"start":{"line":21,"column":2},"end":{"line":33,"column":3}},"locations":[{"start":{"line":21,"column":2},"end":{"line":33,"column":3}}]},"6":{"type":"branch","line":22,"loc":{"start":{"line":22,"column":28},"end":{"line":22,"column":40}},"locations":[{"start":{"line":22,"column":28},"end":{"line":22,"column":40}}]},"7":{"type":"branch","line":25,"loc":{"start":{"line":25,"column":24},"end":{"line":31,"column":5}},"locations":[{"start":{"line":25,"column":24},"end":{"line":31,"column":5}}]},"8":{"type":"branch","line":26,"loc":{"start":{"line":26,"column":33},"end":{"line":28,"column":7}},"locations":[{"start":{"line":26,"column":33},"end":{"line":28,"column":7}}]},"9":{"type":"branch","line":35,"loc":{"start":{"line":35,"column":2},"end":{"line":39,"column":3}},"locations":[{"start":{"line":35,"column":2},"end":{"line":39,"column":3}}]},"10":{"type":"branch","line":41,"loc":{"start":{"line":41,"column":2},"end":{"line":62,"column":3}},"locations":[{"start":{"line":41,"column":2},"end":{"line":62,"column":3}}]},"11":{"type":"branch","line":43,"loc":{"start":{"line":43,"column":28},"end":{"line":46,"column":5}},"locations":[{"start":{"line":43,"column":28},"end":{"line":46,"column":5}}]},"12":{"type":"branch","line":50,"loc":{"start":{"line":50,"column":24},"end":{"line":58,"column":5}},"locations":[{"start":{"line":50,"column":24},"end":{"line":58,"column":5}}]},"13":{"type":"branch","line":52,"loc":{"start":{"line":52,"column":33},"end":{"line":55,"column":7}},"locations":[{"start":{"line":52,"column":33},"end":{"line":55,"column":7}}]},"14":{"type":"branch","line":64,"loc":{"start":{"line":64,"column":2},"end":{"line":82,"column":3}},"locations":[{"start":{"line":64,"column":2},"end":{"line":82,"column":3}}]},"15":{"type":"branch","line":65,"loc":{"start":{"line":65,"column":43},"end":{"line":68,"column":5}},"locations":[{"start":{"line":65,"column":43},"end":{"line":68,"column":5}}]},"16":{"type":"branch","line":73,"loc":{"start":{"line":73,"column":22},"end":{"line":80,"column":5}},"locations":[{"start":{"line":73,"column":22},"end":{"line":80,"column":5}}]},"17":{"type":"branch","line":75,"loc":{"start":{"line":75,"column":33},"end":{"line":77,"column":7}},"locations":[{"start":{"line":75,"column":33},"end":{"line":77,"column":7}}]}},"b":{"0":[12],"1":[4],"2":[5],"3":[0],"4":[2],"5":[4],"6":[0],"7":[5],"8":[0],"9":[1],"10":[2],"11":[0],"12":[4],"13":[0],"14":[1],"15":[0],"16":[2],"17":[0]},"fnMap":{"0":{"name":"SingleNode","decl":{"start":{"line":2,"column":2},"end":{"line":2,"column":76}},"loc":{"start":{"line":2,"column":2},"end":{"line":2,"column":76}},"line":2},"1":{"name":"SingleLinkedList","decl":{"start":{"line":6,"column":2},"end":{"line":6,"column":55}},"loc":{"start":{"line":6,"column":2},"end":{"line":6,"column":55}},"line":6},"2":{"name":"append","decl":{"start":{"line":8,"column":2},"end":{"line":19,"column":3}},"loc":{"start":{"line":8,"column":2},"end":{"line":19,"column":3}},"line":8},"3":{"name":"get","decl":{"start":{"line":21,"column":2},"end":{"line":33,"column":3}},"loc":{"start":{"line":21,"column":2},"end":{"line":33,"column":3}},"line":21},"4":{"name":"prepend","decl":{"start":{"line":35,"column":2},"end":{"line":39,"column":3}},"loc":{"start":{"line":35,"column":2},"end":{"line":39,"column":3}},"line":35},"5":{"name":"insert","decl":{"start":{"line":41,"column":2},"end":{"line":62,"column":3}},"loc":{"start":{"line":41,"column":2},"end":{"line":62,"column":3}},"line":41},"6":{"name":"remove","decl":{"start":{"line":64,"column":2},"end":{"line":82,"column":3}},"loc":{"start":{"line":64,"column":2},"end":{"line":82,"column":3}},"line":64},"7":{"name":"print","decl":{"start":{"line":84,"column":2},"end":{"line":90,"column":3}},"loc":{"start":{"line":84,"column":2},"end":{"line":90,"column":3}},"line":84}},"f":{"0":12,"1":4,"2":5,"3":4,"4":1,"5":2,"6":1,"7":0}}
}
