TN:
SF:chapter5/linked-list.ts
FN:2,SingleNode
FN:6,SingleLinkedList
FN:8,append
FN:21,get
FN:35,prepend
FN:41,insert
FN:64,remove
FN:84,print
FNF:8
FNH:7
FNDA:12,SingleNode
FNDA:4,SingleLinkedList
FNDA:5,append
FNDA:4,get
FNDA:1,prepend
FNDA:2,insert
FNDA:1,remove
FNDA:0,print
DA:1,1
DA:2,1
DA:3,1
DA:4,1
DA:5,1
DA:6,1
DA:7,1
DA:8,1
DA:9,5
DA:10,5
DA:11,0
DA:12,5
DA:13,5
DA:14,5
DA:15,2
DA:16,2
DA:17,5
DA:18,5
DA:19,5
DA:20,1
DA:21,1
DA:22,4
DA:23,4
DA:24,4
DA:25,4
DA:26,5
DA:27,0
DA:28,0
DA:29,5
DA:30,5
DA:31,5
DA:32,4
DA:33,4
DA:34,1
DA:35,1
DA:36,1
DA:37,1
DA:38,1
DA:39,1
DA:40,1
DA:41,1
DA:42,2
DA:43,2
DA:44,0
DA:45,0
DA:46,0
DA:47,2
DA:48,2
DA:49,2
DA:50,2
DA:51,4
DA:52,4
DA:53,0
DA:54,0
DA:55,0
DA:56,4
DA:57,4
DA:58,4
DA:59,2
DA:60,2
DA:61,2
DA:62,2
DA:63,1
DA:64,1
DA:65,1
DA:66,0
DA:67,0
DA:68,0
DA:69,1
DA:70,1
DA:71,1
DA:72,1
DA:73,1
DA:74,2
DA:75,2
DA:76,0
DA:77,0
DA:78,2
DA:79,2
DA:80,2
DA:81,1
DA:82,1
DA:83,1
DA:84,1
DA:85,0
DA:86,0
DA:87,0
DA:88,0
DA:89,0
DA:90,0
DA:91,1
LF:91
LH:71
BRDA:2,0,0,12
BRDA:6,1,0,4
BRDA:8,2,0,5
BRDA:10,3,0,0
BRDA:14,4,0,2
BRDA:21,5,0,4
BRDA:22,6,0,0
BRDA:25,7,0,5
BRDA:26,8,0,0
BRDA:35,9,0,1
BRDA:41,10,0,2
BRDA:43,11,0,0
BRDA:50,12,0,4
BRDA:52,13,0,0
BRDA:64,14,0,1
BRDA:65,15,0,0
BRDA:73,16,0,2
BRDA:75,17,0,0
BRF:18
BRH:11
end_of_record
